2014-11-19 11:39:27,519 INFO [org.geoserver] - Loaded style 'simple_roads'
2014-11-19 11:39:27,521 INFO [org.geoserver] - Loaded style 'raster'
2014-11-19 11:39:27,522 INFO [org.geoserver] - Loaded style 'cite_lakes'
2014-11-19 11:39:27,523 INFO [org.geoserver] - Loaded style 'polygon'
2014-11-19 11:39:27,524 INFO [org.geoserver] - Loaded style 'giant_polygon'
2014-11-19 11:39:27,525 INFO [org.geoserver] - Loaded style 'tiger_roads'
2014-11-19 11:39:27,526 INFO [org.geoserver] - Loaded style 'poi'
2014-11-19 11:39:27,527 INFO [org.geoserver] - Loaded style 'green'
2014-11-19 11:39:27,528 INFO [org.geoserver] - Loaded style 'simple_streams'
2014-11-19 11:39:27,528 INFO [org.geoserver] - Loaded style 'capitals'
2014-11-19 11:39:27,530 INFO [org.geoserver] - Loaded style 'restricted'
2014-11-19 11:39:27,530 INFO [org.geoserver] - Loaded style 'point'
2014-11-19 11:39:27,531 INFO [org.geoserver] - Loaded style 'dem'
2014-11-19 11:39:27,533 INFO [org.geoserver] - Loaded style 'burg'
2014-11-19 11:39:27,534 INFO [org.geoserver] - Loaded style 'pophatch'
2014-11-19 11:39:27,536 INFO [org.geoserver] - Loaded style 'rain'
2014-11-19 11:39:27,537 INFO [org.geoserver] - Loaded style 'line'
2014-11-19 11:39:27,538 INFO [org.geoserver] - Loaded style 'poly_landmarks'
2014-11-19 11:39:27,539 INFO [org.geoserver] - Loaded style 'population'
2014-11-19 11:39:27,540 INFO [org.geoserver] - Loaded style 'grass'
2014-11-19 11:39:27,541 WARN [org.geoserver] - No default workspace was found.
2014-11-19 11:39:27,549 INFO [org.geoserver] - Loaded workspace 'cite'
2014-11-19 11:39:27,577 INFO [org.geoserver] - Loaded workspace 'tiger'
2014-11-19 11:39:27,580 INFO [org.geoserver] - Loaded workspace 'it.geosolutions'
2014-11-19 11:39:27,581 INFO [org.geoserver] - Loaded workspace 'nurc'
2014-11-19 11:39:27,583 INFO [org.geoserver] - Loaded workspace 'sde'
2014-11-19 11:39:27,585 INFO [org.geoserver] - Loaded workspace 'topp'
2014-11-19 11:39:27,586 INFO [org.geoserver] - Loaded workspace 'sf'
2014-11-19 11:39:28,351 INFO [org.geoserver] - Loaded store 'nyc', enabled
2014-11-19 11:39:28,358 INFO [org.geoserver] - Loaded data store 'nyc'
2014-11-19 11:39:30,103 INFO [org.geoserver] - Loaded feature type 'poly_landmarks', enabled
2014-11-19 11:39:30,118 INFO [org.geoserver] - Loaded feature type 'nyc'
2014-11-19 11:39:30,158 INFO [org.geoserver] - Loaded layer 'poly_landmarks'
2014-11-19 11:39:30,164 INFO [org.geoserver] - Loaded feature type 'tiger_roads', enabled
2014-11-19 11:39:30,165 INFO [org.geoserver] - Loaded feature type 'nyc'
2014-11-19 11:39:30,168 INFO [org.geoserver] - Loaded layer 'tiger_roads'
2014-11-19 11:39:30,171 INFO [org.geoserver] - Loaded feature type 'giant_polygon', enabled
2014-11-19 11:39:30,172 INFO [org.geoserver] - Loaded feature type 'nyc'
2014-11-19 11:39:30,174 INFO [org.geoserver] - Loaded layer 'giant_polygon'
2014-11-19 11:39:30,180 INFO [org.geoserver] - Loaded feature type 'poi', enabled
2014-11-19 11:39:30,181 INFO [org.geoserver] - Loaded feature type 'nyc'
2014-11-19 11:39:30,184 INFO [org.geoserver] - Loaded layer 'poi'
2014-11-19 11:39:30,196 INFO [org.geoserver] - Loaded store 'worldImageSample', enabled
2014-11-19 11:39:30,201 INFO [org.geoserver] - Loaded coverage store 'worldImageSample'
2014-11-19 11:39:30,242 INFO [org.geoserver] - Loaded coverage 'Img_Sample', enabled
2014-11-19 11:39:30,276 INFO [org.geoserver] - Loaded coverage 'worldImageSample'
2014-11-19 11:39:30,484 INFO [org.geoserver] - Loaded layer 'Img_Sample'
2014-11-19 11:39:30,491 INFO [org.geoserver] - Loaded store 'mosaic', enabled
2014-11-19 11:39:30,492 INFO [org.geoserver] - Loaded coverage store 'mosaic'
2014-11-19 11:39:30,499 INFO [org.geoserver] - Loaded coverage 'mosaic', enabled
2014-11-19 11:39:30,499 INFO [org.geoserver] - Loaded coverage 'mosaic'
2014-11-19 11:39:31,109 WARN [imagemosaic.Utils] - Unable to find sample image for path /app/geoserver-2.6.1/data_dir/coverages/mosaic_sample/sample_image
2014-11-19 11:39:31,109 WARN [gce.imagemosaic] - Unable to find sample image for path file:/app/geoserver-2.6.1/data_dir/coverages/mosaic_sample/mosaic.shp
2014-11-19 11:39:31,578 INFO [org.geoserver] - Loaded layer 'mosaic'
2014-11-19 11:39:31,584 INFO [org.geoserver] - Loaded store 'img_sample2', disabled
2014-11-19 11:39:31,585 INFO [org.geoserver] - Loaded coverage store 'img_sample2'
2014-11-19 11:39:31,899 INFO [org.geoserver] - Loaded coverage 'Pk50095', disabled
2014-11-19 11:39:31,900 INFO [org.geoserver] - Loaded coverage 'img_sample2'
2014-11-19 11:39:31,902 INFO [org.geoserver] - Loaded layer 'Pk50095'
2014-11-19 11:39:31,915 INFO [org.geoserver] - Loaded store 'arcGridSample', enabled
2014-11-19 11:39:31,916 INFO [org.geoserver] - Loaded coverage store 'arcGridSample'
2014-11-19 11:39:31,921 INFO [org.geoserver] - Loaded coverage 'Arc_Sample', enabled
2014-11-19 11:39:31,922 INFO [org.geoserver] - Loaded coverage 'arcGridSample'
2014-11-19 11:39:31,960 INFO [org.geoserver] - Loaded layer 'Arc_Sample'
2014-11-19 11:39:31,966 INFO [org.geoserver] - Loaded store 'states_shapefile', enabled
2014-11-19 11:39:31,967 INFO [org.geoserver] - Loaded data store 'states_shapefile'
2014-11-19 11:39:31,978 INFO [org.geoserver] - Loaded feature type 'states', enabled
2014-11-19 11:39:31,979 INFO [org.geoserver] - Loaded feature type 'states_shapefile'
2014-11-19 11:39:31,987 INFO [org.geoserver] - Loaded layer 'states'
2014-11-19 11:39:31,994 INFO [org.geoserver] - Loaded store 'taz_shapes', enabled
2014-11-19 11:39:31,994 INFO [org.geoserver] - Loaded data store 'taz_shapes'
2014-11-19 11:39:32,005 INFO [org.geoserver] - Loaded feature type 'tasmania_cities', enabled
2014-11-19 11:39:32,007 INFO [org.geoserver] - Loaded feature type 'taz_shapes'
2014-11-19 11:39:32,011 INFO [org.geoserver] - Loaded layer 'tasmania_cities'
2014-11-19 11:39:32,014 INFO [org.geoserver] - Loaded feature type 'tasmania_roads', enabled
2014-11-19 11:39:32,014 INFO [org.geoserver] - Loaded feature type 'taz_shapes'
2014-11-19 11:39:32,016 INFO [org.geoserver] - Loaded layer 'tasmania_roads'
2014-11-19 11:39:32,020 INFO [org.geoserver] - Loaded feature type 'tasmania_state_boundaries', enabled
2014-11-19 11:39:32,021 INFO [org.geoserver] - Loaded feature type 'taz_shapes'
2014-11-19 11:39:32,024 INFO [org.geoserver] - Loaded layer 'tasmania_state_boundaries'
2014-11-19 11:39:32,029 INFO [org.geoserver] - Loaded feature type 'tasmania_water_bodies', enabled
2014-11-19 11:39:32,029 INFO [org.geoserver] - Loaded feature type 'taz_shapes'
2014-11-19 11:39:32,033 INFO [org.geoserver] - Loaded layer 'tasmania_water_bodies'
2014-11-19 11:39:32,038 INFO [org.geoserver] - Loaded store 'sfdem', enabled
2014-11-19 11:39:32,039 INFO [org.geoserver] - Loaded coverage store 'sfdem'
2014-11-19 11:39:32,077 INFO [org.geoserver] - Loaded coverage 'sfdem', enabled
2014-11-19 11:39:32,078 INFO [org.geoserver] - Loaded coverage 'sfdem'
2014-11-19 11:39:32,240 INFO [org.geoserver] - Loaded layer 'sfdem'
2014-11-19 11:39:32,245 INFO [org.geoserver] - Loaded store 'sf', enabled
2014-11-19 11:39:32,245 INFO [org.geoserver] - Loaded data store 'sf'
2014-11-19 11:39:32,259 INFO [org.geoserver] - Loaded feature type 'bugsites', enabled
2014-11-19 11:39:32,260 INFO [org.geoserver] - Loaded feature type 'sf'
2014-11-19 11:39:32,262 INFO [org.geoserver] - Loaded layer 'bugsites'
2014-11-19 11:39:32,268 INFO [org.geoserver] - Loaded feature type 'roads', enabled
2014-11-19 11:39:32,270 INFO [org.geoserver] - Loaded feature type 'sf'
2014-11-19 11:39:32,275 INFO [org.geoserver] - Loaded layer 'roads'
2014-11-19 11:39:32,279 INFO [org.geoserver] - Loaded feature type 'archsites', enabled
2014-11-19 11:39:32,280 INFO [org.geoserver] - Loaded feature type 'sf'
2014-11-19 11:39:32,284 INFO [org.geoserver] - Loaded layer 'archsites'
2014-11-19 11:39:32,288 INFO [org.geoserver] - Loaded feature type 'streams', enabled
2014-11-19 11:39:32,288 INFO [org.geoserver] - Loaded feature type 'sf'
2014-11-19 11:39:32,291 INFO [org.geoserver] - Loaded layer 'streams'
2014-11-19 11:39:32,296 INFO [org.geoserver] - Loaded feature type 'restricted', enabled
2014-11-19 11:39:32,296 INFO [org.geoserver] - Loaded feature type 'sf'
2014-11-19 11:39:32,298 INFO [org.geoserver] - Loaded layer 'restricted'
2014-11-19 11:39:32,309 INFO [org.geoserver] - Loaded layer group 'tasmania'
2014-11-19 11:39:32,311 INFO [org.geoserver] - Loaded layer group 'tiger-ny'
2014-11-19 11:39:32,313 INFO [org.geoserver] - Loaded layer group 'spearfish'
2014-11-19 11:39:32,429 INFO [org.geoserver] - Loaded service 'wcs', enabled
2014-11-19 11:39:32,451 INFO [org.geoserver] - Loaded service 'wfs', enabled
2014-11-19 11:39:32,477 INFO [org.geoserver] - Loaded service 'wms', enabled
2014-11-19 11:39:32,505 INFO [storage.DefaultStorageFinder] - ********************************************************************************************************************************
2014-11-19 11:39:32,505 INFO [storage.DefaultStorageFinder] - *** Found Java environment variable GEOSERVER_DATA_DIR set to /app/geoserver-2.6.1/data_dir, using it as the default prefix. ***
2014-11-19 11:39:32,505 INFO [storage.DefaultStorageFinder] - ********************************************************************************************************************************
2014-11-19 11:39:32,505 INFO [config.XMLConfiguration] - Will look for geowebcache.xml in '/app/geoserver-2.6.1/data_dir/gwc'
2014-11-19 11:39:32,625 INFO [gwc.config] - Initializing GeoServer specific GWC configuration from gwc-gs.xml
2014-11-19 11:39:32,670 INFO [gwc.layer] - GeoServer TileLayer store base directory is: /app/geoserver-2.6.1/data_dir/gwc-layers
2014-11-19 11:39:32,671 INFO [gwc.layer] - Loading tile layers from /app/geoserver-2.6.1/data_dir/gwc-layers
2014-11-19 11:39:33,027 INFO [org.geoserver] - GeoServer configuration lock is enabled
2014-11-19 11:39:33,144 INFO [gwc.layer] - Initializing GWC configuration based on GeoServer's Catalog
2014-11-19 11:39:33,145 INFO [gwc.layer] - GeoServer TileLayer store base directory is: /app/geoserver-2.6.1/data_dir/gwc-layers
2014-11-19 11:39:33,145 INFO [gwc.layer] - Loading tile layers from /app/geoserver-2.6.1/data_dir/gwc-layers
2014-11-19 11:39:33,261 INFO [gwc.layer] - GWC configuration based on GeoServer's Catalog loaded successfuly
2014-11-19 11:39:33,270 WARN [config.XMLConfiguration] - Found no configuration file in config directory, will create one at '/app/geoserver-2.6.1/data_dir/gwc/geowebcache.xml' from template jar:file:/app/geoserver-2.6.1/webapps/geoserver/WEB-INF/lib/gwc-core-1.6.0.jar!/geowebcache_empty.xml
2014-11-19 11:39:33,415 INFO [config.XMLConfiguration] - Configuration file validated fine.
2014-11-19 11:39:33,436 INFO [config.XMLConfiguration] - Initializing GridSets from /app/geoserver-2.6.1/data_dir/gwc
2014-11-19 11:39:33,436 INFO [config.XMLConfiguration] - Initializing layers from /app/geoserver-2.6.1/data_dir/gwc
2014-11-19 11:39:33,436 INFO [layer.TileLayerDispatcher] - Configuration /app/geoserver-2.6.1/data_dir/gwc contained no layers.
2014-11-19 11:39:33,471 INFO [diskquota.ConfigLoader] - DiskQuota configuration not found: /app/geoserver-2.6.1/data_dir/gwc/geowebcache-diskquota.xml
2014-11-19 11:39:33,485 INFO [diskquota.ConfigLoader] - DiskQuota configuration not found: /app/geoserver-2.6.1/data_dir/gwc/geowebcache-diskquota.xml
2014-11-19 11:39:33,488 INFO [diskquota.DiskQuotaMonitor] - Setting up disk quota periodic enforcement task
2014-11-19 11:39:33,488 INFO [diskquota.DiskQuotaMonitor] - 0 layers configured with their own quotas. 
2014-11-19 11:39:33,489 INFO [diskquota.DiskQuotaMonitor] - 22 layers attached to global quota 500.0 MB
2014-11-19 11:39:33,516 INFO [diskquota.DiskQuotaMonitor] - Disk quota periodic enforcement task set up every 10 SECONDS
2014-11-19 11:39:33,700 INFO [ows.OWSHandlerMapping] - Mapped URL path [/gwc/service/**] onto handler 'dispatcher'
2014-11-19 11:39:33,737 INFO [geowebcache.GeoWebCacheDispatcher] - Invoked setServletPrefix(gwc)
2014-11-19 11:39:33,764 INFO [georss.GeoRSSPoller] - Initializing GeoRSS poller in a background job...
2014-11-19 11:39:33,768 INFO [georss.GeoRSSPoller] - No enabled GeoRSS feeds found, poller will not run.
2014-11-19 11:39:33,860 INFO [rest.RESTDispatcher] - Created RESTDispatcher with 14 paths
2014-11-19 11:39:33,900 INFO [wms.WMSService] - Will NOT recombine tiles for non-tiling clients.
2014-11-19 11:39:33,900 INFO [wms.WMSService] - Will proxy requests to backend that are not getmap or getcapabilities.
2014-11-19 11:39:34,660 INFO [ows.OWSHandlerMapping] - Mapped URL path [/wcs] onto handler 'dispatcher'
2014-11-19 11:39:34,661 INFO [ows.OWSHandlerMapping] - Mapped URL path [/wcs/**] onto handler 'dispatcher'
2014-11-19 11:39:35,058 INFO [ows.OWSHandlerMapping] - Mapped URL path [/wfs/*] onto handler 'dispatcher'
2014-11-19 11:39:35,058 INFO [ows.OWSHandlerMapping] - Mapped URL path [/TestWfsPost] onto handler 'wfsTestServlet'
2014-11-19 11:39:35,059 INFO [ows.OWSHandlerMapping] - Mapped URL path [/wfs] onto handler 'dispatcher'
2014-11-19 11:39:42,668 INFO [ows.OWSHandlerMapping] - Mapped URL path [/ows/**] onto handler 'dispatcher'
2014-11-19 11:39:42,669 INFO [ows.OWSHandlerMapping] - Mapped URL path [/ows] onto handler 'dispatcher'
2014-11-19 11:39:44,057 INFO [ows.OWSHandlerMapping] - Mapped URL path [/kml] onto handler 'dispatcher'
2014-11-19 11:39:44,058 INFO [ows.OWSHandlerMapping] - Mapped URL path [/kml/*] onto handler 'dispatcher'
2014-11-19 11:39:44,058 INFO [ows.OWSHandlerMapping] - Mapped URL path [/kml/icon/**/*] onto handler 'kmlIconService'
2014-11-19 11:39:44,162 INFO [ows.OWSHandlerMapping] - Mapped URL path [/wms/*] onto handler 'dispatcher'
2014-11-19 11:39:44,173 INFO [ows.OWSHandlerMapping] - Mapped URL path [/wms] onto handler 'dispatcher'
2014-11-19 11:39:44,301 INFO [ows.OWSHandlerMapping] - Mapped URL path [/animate] onto handler 'dispatcher'
2014-11-19 11:39:44,302 INFO [ows.OWSHandlerMapping] - Mapped URL path [/animate/*] onto handler 'dispatcher'
2014-11-19 11:39:44,433 INFO [geoserver.security] - AuthenticationCache Initialized with 1000 Max Entries, 300 seconds idle time, 600 seconds time to live and 3 concurrency level
2014-11-19 11:39:44,435 INFO [geoserver.security] - AuthenticationCache Eviction Task created to run every 600 seconds
2014-11-19 11:39:44,935 INFO [geoserver.security] - Start reloading user/grous for service named default
2014-11-19 11:39:44,941 INFO [geoserver.security] - Reloading user/groups successful for service named default
2014-11-19 13:07:01,193 INFO [org.geoserver] - Loaded style 'burg'
2014-11-19 13:07:01,197 INFO [org.geoserver] - Loaded style 'capitals'
2014-11-19 13:07:01,200 INFO [org.geoserver] - Loaded style 'cite_lakes'
2014-11-19 13:07:01,203 INFO [org.geoserver] - Loaded style 'dem'
2014-11-19 13:07:01,205 INFO [org.geoserver] - Loaded style 'giant_polygon'
2014-11-19 13:07:01,208 INFO [org.geoserver] - Loaded style 'grass'
2014-11-19 13:07:01,211 INFO [org.geoserver] - Loaded style 'green'
2014-11-19 13:07:01,215 INFO [org.geoserver] - Loaded style 'line'
2014-11-19 13:07:01,218 INFO [org.geoserver] - Loaded style 'poi'
2014-11-19 13:07:01,220 INFO [org.geoserver] - Loaded style 'point'
2014-11-19 13:07:01,223 INFO [org.geoserver] - Loaded style 'polygon'
2014-11-19 13:07:01,226 INFO [org.geoserver] - Loaded style 'poly_landmarks'
2014-11-19 13:07:01,230 INFO [org.geoserver] - Loaded style 'pophatch'
2014-11-19 13:07:01,234 INFO [org.geoserver] - Loaded style 'population'
2014-11-19 13:07:01,236 INFO [org.geoserver] - Loaded style 'rain'
2014-11-19 13:07:01,241 INFO [org.geoserver] - Loaded style 'raster'
2014-11-19 13:07:01,245 INFO [org.geoserver] - Loaded style 'restricted'
2014-11-19 13:07:01,248 INFO [org.geoserver] - Loaded style 'simple_roads'
2014-11-19 13:07:01,251 INFO [org.geoserver] - Loaded style 'simple_streams'
2014-11-19 13:07:01,254 INFO [org.geoserver] - Loaded style 'tiger_roads'
2014-11-19 13:07:01,258 INFO [org.geoserver] - Loaded default workspace cite
2014-11-19 13:07:01,282 INFO [org.geoserver] - Loaded workspace 'cite'
2014-11-19 13:07:01,301 INFO [org.geoserver] - Loaded workspace 'it.geosolutions'
2014-11-19 13:07:01,311 INFO [org.geoserver] - Loaded workspace 'nurc'
2014-11-19 13:07:01,319 INFO [org.geoserver] - Loaded workspace 'sde'
2014-11-19 13:07:01,332 INFO [org.geoserver] - Loaded workspace 'sf'
2014-11-19 13:07:01,343 INFO [org.geoserver] - Loaded workspace 'tiger'
2014-11-19 13:07:01,353 INFO [org.geoserver] - Loaded workspace 'topp'
2014-11-19 13:07:01,773 INFO [org.geoserver] - Loaded store 'arcGridSample', enabled
2014-11-19 13:07:01,791 INFO [org.geoserver] - Loaded coverage store 'arcGridSample'
2014-11-19 13:07:03,798 INFO [org.geoserver] - Loaded coverage 'Arc_Sample', enabled
2014-11-19 13:07:03,816 INFO [org.geoserver] - Loaded coverage 'arcGridSample'
2014-11-19 13:07:04,113 INFO [org.geoserver] - Loaded layer 'Arc_Sample'
2014-11-19 13:07:04,125 INFO [org.geoserver] - Loaded store 'img_sample2', disabled
2014-11-19 13:07:04,126 INFO [org.geoserver] - Loaded coverage store 'img_sample2'
2014-11-19 13:07:04,474 INFO [org.geoserver] - Loaded coverage 'Pk50095', disabled
2014-11-19 13:07:04,475 INFO [org.geoserver] - Loaded coverage 'img_sample2'
2014-11-19 13:07:04,479 INFO [org.geoserver] - Loaded layer 'Pk50095'
2014-11-19 13:07:04,490 INFO [org.geoserver] - Loaded store 'mosaic', enabled
2014-11-19 13:07:04,490 INFO [org.geoserver] - Loaded coverage store 'mosaic'
2014-11-19 13:07:04,503 INFO [org.geoserver] - Loaded coverage 'mosaic', enabled
2014-11-19 13:07:04,504 INFO [org.geoserver] - Loaded coverage 'mosaic'
2014-11-19 13:07:05,170 WARN [imagemosaic.Utils] - Unable to find sample image for path /vagrant/data_dir/coverages/mosaic_sample/sample_image
2014-11-19 13:07:05,171 WARN [gce.imagemosaic] - Unable to find sample image for path file:/vagrant/data_dir/coverages/mosaic_sample/mosaic.shp
2014-11-19 13:07:05,207 INFO [org.geoserver] - Loaded layer 'mosaic'
2014-11-19 13:07:05,216 INFO [org.geoserver] - Loaded store 'worldImageSample', enabled
2014-11-19 13:07:05,216 INFO [org.geoserver] - Loaded coverage store 'worldImageSample'
2014-11-19 13:07:05,227 INFO [org.geoserver] - Loaded coverage 'Img_Sample', enabled
2014-11-19 13:07:05,228 INFO [org.geoserver] - Loaded coverage 'worldImageSample'
2014-11-19 13:07:05,286 INFO [org.geoserver] - Loaded layer 'Img_Sample'
2014-11-19 13:07:05,449 INFO [org.geoserver] - Loaded store 'sf', enabled
2014-11-19 13:07:05,453 INFO [org.geoserver] - Loaded data store 'sf'
2014-11-19 13:07:05,642 INFO [org.geoserver] - Loaded feature type 'archsites', enabled
2014-11-19 13:07:05,652 INFO [org.geoserver] - Loaded feature type 'sf'
2014-11-19 13:07:05,672 INFO [org.geoserver] - Loaded layer 'archsites'
2014-11-19 13:07:05,681 INFO [org.geoserver] - Loaded feature type 'bugsites', enabled
2014-11-19 13:07:05,683 INFO [org.geoserver] - Loaded feature type 'sf'
2014-11-19 13:07:05,689 INFO [org.geoserver] - Loaded layer 'bugsites'
2014-11-19 13:07:05,697 INFO [org.geoserver] - Loaded feature type 'restricted', enabled
2014-11-19 13:07:05,698 INFO [org.geoserver] - Loaded feature type 'sf'
2014-11-19 13:07:05,704 INFO [org.geoserver] - Loaded layer 'restricted'
2014-11-19 13:07:05,712 INFO [org.geoserver] - Loaded feature type 'roads', enabled
2014-11-19 13:07:05,713 INFO [org.geoserver] - Loaded feature type 'sf'
2014-11-19 13:07:05,718 INFO [org.geoserver] - Loaded layer 'roads'
2014-11-19 13:07:05,727 INFO [org.geoserver] - Loaded feature type 'streams', enabled
2014-11-19 13:07:05,728 INFO [org.geoserver] - Loaded feature type 'sf'
2014-11-19 13:07:05,733 INFO [org.geoserver] - Loaded layer 'streams'
2014-11-19 13:07:05,743 INFO [org.geoserver] - Loaded store 'sfdem', enabled
2014-11-19 13:07:05,744 INFO [org.geoserver] - Loaded coverage store 'sfdem'
2014-11-19 13:07:05,755 INFO [org.geoserver] - Loaded coverage 'sfdem', enabled
2014-11-19 13:07:05,757 INFO [org.geoserver] - Loaded coverage 'sfdem'
2014-11-19 13:07:05,944 INFO [org.geoserver] - Loaded layer 'sfdem'
2014-11-19 13:07:05,960 INFO [org.geoserver] - Loaded store 'nyc', enabled
2014-11-19 13:07:05,960 INFO [org.geoserver] - Loaded data store 'nyc'
2014-11-19 13:07:06,062 INFO [org.geoserver] - Loaded feature type 'giant_polygon', enabled
2014-11-19 13:07:06,064 INFO [org.geoserver] - Loaded feature type 'nyc'
2014-11-19 13:07:06,069 INFO [org.geoserver] - Loaded layer 'giant_polygon'
2014-11-19 13:07:06,075 INFO [org.geoserver] - Loaded feature type 'poi', enabled
2014-11-19 13:07:06,077 INFO [org.geoserver] - Loaded feature type 'nyc'
2014-11-19 13:07:06,082 INFO [org.geoserver] - Loaded layer 'poi'
2014-11-19 13:07:06,089 INFO [org.geoserver] - Loaded feature type 'poly_landmarks', enabled
2014-11-19 13:07:06,089 INFO [org.geoserver] - Loaded feature type 'nyc'
2014-11-19 13:07:06,095 INFO [org.geoserver] - Loaded layer 'poly_landmarks'
2014-11-19 13:07:06,101 INFO [org.geoserver] - Loaded feature type 'tiger_roads', enabled
2014-11-19 13:07:06,101 INFO [org.geoserver] - Loaded feature type 'nyc'
2014-11-19 13:07:06,107 INFO [org.geoserver] - Loaded layer 'tiger_roads'
2014-11-19 13:07:06,124 INFO [org.geoserver] - Loaded store 'states_shapefile', enabled
2014-11-19 13:07:06,125 INFO [org.geoserver] - Loaded data store 'states_shapefile'
2014-11-19 13:07:06,159 INFO [org.geoserver] - Loaded feature type 'states', enabled
2014-11-19 13:07:06,160 INFO [org.geoserver] - Loaded feature type 'states_shapefile'
2014-11-19 13:07:06,173 INFO [org.geoserver] - Loaded layer 'states'
2014-11-19 13:07:06,185 INFO [org.geoserver] - Loaded store 'taz_shapes', enabled
2014-11-19 13:07:06,186 INFO [org.geoserver] - Loaded data store 'taz_shapes'
2014-11-19 13:07:06,788 INFO [org.geoserver] - Loaded feature type 'tasmania_cities', enabled
2014-11-19 13:07:06,791 INFO [org.geoserver] - Loaded feature type 'taz_shapes'
2014-11-19 13:07:06,801 INFO [org.geoserver] - Loaded layer 'tasmania_cities'
2014-11-19 13:07:06,806 INFO [org.geoserver] - Loaded feature type 'tasmania_roads', enabled
2014-11-19 13:07:06,807 INFO [org.geoserver] - Loaded feature type 'taz_shapes'
2014-11-19 13:07:06,812 INFO [org.geoserver] - Loaded layer 'tasmania_roads'
2014-11-19 13:07:06,818 INFO [org.geoserver] - Loaded feature type 'tasmania_state_boundaries', enabled
2014-11-19 13:07:06,818 INFO [org.geoserver] - Loaded feature type 'taz_shapes'
2014-11-19 13:07:06,824 INFO [org.geoserver] - Loaded layer 'tasmania_state_boundaries'
2014-11-19 13:07:06,830 INFO [org.geoserver] - Loaded feature type 'tasmania_water_bodies', enabled
2014-11-19 13:07:06,831 INFO [org.geoserver] - Loaded feature type 'taz_shapes'
2014-11-19 13:07:06,836 INFO [org.geoserver] - Loaded layer 'tasmania_water_bodies'
2014-11-19 13:07:06,854 INFO [org.geoserver] - Loaded layer group 'spearfish'
2014-11-19 13:07:06,857 INFO [org.geoserver] - Loaded layer group 'tasmania'
2014-11-19 13:07:06,860 INFO [org.geoserver] - Loaded layer group 'tiger-ny'
2014-11-19 13:07:07,036 INFO [org.geoserver] - Loaded service 'wcs', enabled
2014-11-19 13:07:07,070 INFO [org.geoserver] - Loaded service 'wfs', enabled
2014-11-19 13:07:07,104 INFO [org.geoserver] - Loaded service 'wms', enabled
2014-11-19 13:07:07,165 INFO [storage.DefaultStorageFinder] - ********************************************************************************************************************
2014-11-19 13:07:07,166 INFO [storage.DefaultStorageFinder] - *** Found Java environment variable GEOSERVER_DATA_DIR set to /vagrant/data_dir, using it as the default prefix. ***
2014-11-19 13:07:07,166 INFO [storage.DefaultStorageFinder] - ********************************************************************************************************************
2014-11-19 13:07:07,166 INFO [config.XMLConfiguration] - Will look for geowebcache.xml in '/vagrant/data_dir/gwc'
2014-11-19 13:07:07,276 INFO [gwc.config] - Initializing GeoServer specific GWC configuration from gwc-gs.xml
2014-11-19 13:07:07,421 INFO [org.geoserver] - GeoServer configuration lock is enabled
2014-11-19 13:07:07,546 INFO [gwc.layer] - Initializing GWC configuration based on GeoServer's Catalog
2014-11-19 13:07:07,547 INFO [gwc.layer] - GeoServer TileLayer store base directory is: /vagrant/data_dir/gwc-layers
2014-11-19 13:07:07,549 INFO [gwc.layer] - Loading tile layers from /vagrant/data_dir/gwc-layers
2014-11-19 13:07:07,822 INFO [gwc.layer] - GWC configuration based on GeoServer's Catalog loaded successfuly
2014-11-19 13:07:07,824 INFO [config.XMLConfiguration] - Found configuration file in /vagrant/data_dir/gwc
2014-11-19 13:07:07,907 INFO [config.XMLConfiguration] - Configuration file validated fine.
2014-11-19 13:07:07,916 INFO [config.XMLConfiguration] - Initializing GridSets from /vagrant/data_dir/gwc
2014-11-19 13:07:07,917 INFO [config.XMLConfiguration] - Initializing layers from /vagrant/data_dir/gwc
2014-11-19 13:07:07,917 INFO [layer.TileLayerDispatcher] - Configuration /vagrant/data_dir/gwc contained no layers.
2014-11-19 13:07:07,959 INFO [diskquota.ConfigLoader] - DiskQuota configuration not found: /vagrant/data_dir/gwc/geowebcache-diskquota.xml
2014-11-19 13:07:07,970 INFO [diskquota.ConfigLoader] - DiskQuota configuration not found: /vagrant/data_dir/gwc/geowebcache-diskquota.xml
2014-11-19 13:07:07,974 INFO [diskquota.DiskQuotaMonitor] - Setting up disk quota periodic enforcement task
2014-11-19 13:07:07,974 INFO [diskquota.DiskQuotaMonitor] - 0 layers configured with their own quotas. 
2014-11-19 13:07:07,976 INFO [diskquota.DiskQuotaMonitor] - 22 layers attached to global quota 500.0 MB
2014-11-19 13:07:08,001 INFO [diskquota.DiskQuotaMonitor] - Disk quota periodic enforcement task set up every 10 SECONDS
2014-11-19 13:07:08,119 INFO [ows.OWSHandlerMapping] - Mapped URL path [/gwc/service/**] onto handler 'dispatcher'
2014-11-19 13:07:08,157 INFO [geowebcache.GeoWebCacheDispatcher] - Invoked setServletPrefix(gwc)
2014-11-19 13:07:08,193 INFO [georss.GeoRSSPoller] - Initializing GeoRSS poller in a background job...
2014-11-19 13:07:08,204 INFO [georss.GeoRSSPoller] - No enabled GeoRSS feeds found, poller will not run.
2014-11-19 13:07:08,314 INFO [rest.RESTDispatcher] - Created RESTDispatcher with 14 paths
2014-11-19 13:07:08,333 INFO [wms.WMSService] - Will NOT recombine tiles for non-tiling clients.
2014-11-19 13:07:08,333 INFO [wms.WMSService] - Will proxy requests to backend that are not getmap or getcapabilities.
2014-11-19 13:07:08,850 INFO [ows.OWSHandlerMapping] - Mapped URL path [/wcs] onto handler 'dispatcher'
2014-11-19 13:07:08,850 INFO [ows.OWSHandlerMapping] - Mapped URL path [/wcs/**] onto handler 'dispatcher'
2014-11-19 13:07:09,034 INFO [ows.OWSHandlerMapping] - Mapped URL path [/wfs/*] onto handler 'dispatcher'
2014-11-19 13:07:09,043 INFO [ows.OWSHandlerMapping] - Mapped URL path [/TestWfsPost] onto handler 'wfsTestServlet'
2014-11-19 13:07:09,043 INFO [ows.OWSHandlerMapping] - Mapped URL path [/wfs] onto handler 'dispatcher'
2014-11-19 13:07:14,289 INFO [ows.OWSHandlerMapping] - Mapped URL path [/ows/**] onto handler 'dispatcher'
2014-11-19 13:07:14,293 INFO [ows.OWSHandlerMapping] - Mapped URL path [/ows] onto handler 'dispatcher'
2014-11-19 13:07:16,105 INFO [ows.OWSHandlerMapping] - Mapped URL path [/kml] onto handler 'dispatcher'
2014-11-19 13:07:16,113 INFO [ows.OWSHandlerMapping] - Mapped URL path [/kml/*] onto handler 'dispatcher'
2014-11-19 13:07:16,113 INFO [ows.OWSHandlerMapping] - Mapped URL path [/kml/icon/**/*] onto handler 'kmlIconService'
2014-11-19 13:07:16,307 INFO [ows.OWSHandlerMapping] - Mapped URL path [/wms/*] onto handler 'dispatcher'
2014-11-19 13:07:16,324 INFO [ows.OWSHandlerMapping] - Mapped URL path [/wms] onto handler 'dispatcher'
2014-11-19 13:07:16,412 INFO [ows.OWSHandlerMapping] - Mapped URL path [/animate] onto handler 'dispatcher'
2014-11-19 13:07:16,423 INFO [ows.OWSHandlerMapping] - Mapped URL path [/animate/*] onto handler 'dispatcher'
2014-11-19 13:07:17,013 INFO [geoserver.security] - AuthenticationCache Initialized with 1000 Max Entries, 300 seconds idle time, 600 seconds time to live and 3 concurrency level
2014-11-19 13:07:17,033 INFO [geoserver.security] - AuthenticationCache Eviction Task created to run every 600 seconds
2014-11-19 13:07:18,958 INFO [geoserver.security] - Start reloading user/grous for service named default
2014-11-19 13:07:18,972 INFO [geoserver.security] - Reloading user/groups successful for service named default
2014-11-19 13:07:24,707 INFO [org.geoserver] - Loaded style 'burg'
2014-11-19 13:07:24,712 INFO [org.geoserver] - Loaded style 'capitals'
2014-11-19 13:07:24,715 INFO [org.geoserver] - Loaded style 'cite_lakes'
2014-11-19 13:07:24,718 INFO [org.geoserver] - Loaded style 'dem'
2014-11-19 13:07:24,720 INFO [org.geoserver] - Loaded style 'giant_polygon'
2014-11-19 13:07:24,722 INFO [org.geoserver] - Loaded style 'grass'
2014-11-19 13:07:24,725 INFO [org.geoserver] - Loaded style 'green'
2014-11-19 13:07:24,727 INFO [org.geoserver] - Loaded style 'line'
2014-11-19 13:07:24,729 INFO [org.geoserver] - Loaded style 'poi'
2014-11-19 13:07:24,743 INFO [org.geoserver] - Loaded style 'point'
2014-11-19 13:07:24,746 INFO [org.geoserver] - Loaded style 'polygon'
2014-11-19 13:07:24,749 INFO [org.geoserver] - Loaded style 'poly_landmarks'
2014-11-19 13:07:24,757 INFO [org.geoserver] - Loaded style 'pophatch'
2014-11-19 13:07:24,761 INFO [org.geoserver] - Loaded style 'population'
2014-11-19 13:07:24,765 INFO [org.geoserver] - Loaded style 'rain'
2014-11-19 13:07:24,772 INFO [org.geoserver] - Loaded style 'raster'
2014-11-19 13:07:24,775 INFO [org.geoserver] - Loaded style 'restricted'
2014-11-19 13:07:24,779 INFO [org.geoserver] - Loaded style 'simple_roads'
2014-11-19 13:07:24,782 INFO [org.geoserver] - Loaded style 'simple_streams'
2014-11-19 13:07:24,786 INFO [org.geoserver] - Loaded style 'tiger_roads'
2014-11-19 13:07:24,792 INFO [org.geoserver] - Loaded default workspace cite
2014-11-19 13:07:24,814 INFO [org.geoserver] - Loaded workspace 'cite'
2014-11-19 13:07:24,825 INFO [org.geoserver] - Loaded workspace 'it.geosolutions'
2014-11-19 13:07:24,834 INFO [org.geoserver] - Loaded workspace 'nurc'
2014-11-19 13:07:24,843 INFO [org.geoserver] - Loaded workspace 'sde'
2014-11-19 13:07:24,851 INFO [org.geoserver] - Loaded workspace 'sf'
2014-11-19 13:07:24,859 INFO [org.geoserver] - Loaded workspace 'tiger'
2014-11-19 13:07:24,867 INFO [org.geoserver] - Loaded workspace 'topp'
2014-11-19 13:07:25,320 INFO [org.geoserver] - Loaded store 'arcGridSample', enabled
2014-11-19 13:07:25,328 INFO [org.geoserver] - Loaded coverage store 'arcGridSample'
2014-11-19 13:07:27,047 INFO [org.geoserver] - Loaded coverage 'Arc_Sample', enabled
2014-11-19 13:07:27,065 INFO [org.geoserver] - Loaded coverage 'arcGridSample'
2014-11-19 13:07:27,366 INFO [org.geoserver] - Loaded layer 'Arc_Sample'
2014-11-19 13:07:27,377 INFO [org.geoserver] - Loaded store 'img_sample2', disabled
2014-11-19 13:07:27,378 INFO [org.geoserver] - Loaded coverage store 'img_sample2'
2014-11-19 13:07:27,777 INFO [org.geoserver] - Loaded coverage 'Pk50095', disabled
2014-11-19 13:07:27,780 INFO [org.geoserver] - Loaded coverage 'img_sample2'
2014-11-19 13:07:27,785 INFO [org.geoserver] - Loaded layer 'Pk50095'
2014-11-19 13:07:27,799 INFO [org.geoserver] - Loaded store 'mosaic', enabled
2014-11-19 13:07:27,800 INFO [org.geoserver] - Loaded coverage store 'mosaic'
2014-11-19 13:07:27,819 INFO [org.geoserver] - Loaded coverage 'mosaic', enabled
2014-11-19 13:07:27,821 INFO [org.geoserver] - Loaded coverage 'mosaic'
2014-11-19 13:07:29,181 WARN [imagemosaic.Utils] - Unable to find sample image for path /vagrant/data_dir/coverages/mosaic_sample/sample_image
2014-11-19 13:07:29,182 WARN [gce.imagemosaic] - Unable to find sample image for path file:/vagrant/data_dir/coverages/mosaic_sample/mosaic.shp
2014-11-19 13:07:29,226 INFO [org.geoserver] - Loaded layer 'mosaic'
2014-11-19 13:07:29,236 INFO [org.geoserver] - Loaded store 'worldImageSample', enabled
2014-11-19 13:07:29,236 INFO [org.geoserver] - Loaded coverage store 'worldImageSample'
2014-11-19 13:07:29,247 INFO [org.geoserver] - Loaded coverage 'Img_Sample', enabled
2014-11-19 13:07:29,249 INFO [org.geoserver] - Loaded coverage 'worldImageSample'
2014-11-19 13:07:29,309 INFO [org.geoserver] - Loaded layer 'Img_Sample'
2014-11-19 13:07:29,472 INFO [org.geoserver] - Loaded store 'sf', enabled
2014-11-19 13:07:29,476 INFO [org.geoserver] - Loaded data store 'sf'
2014-11-19 13:07:29,659 INFO [org.geoserver] - Loaded feature type 'archsites', enabled
2014-11-19 13:07:29,670 INFO [org.geoserver] - Loaded feature type 'sf'
2014-11-19 13:07:29,690 INFO [org.geoserver] - Loaded layer 'archsites'
2014-11-19 13:07:29,699 INFO [org.geoserver] - Loaded feature type 'bugsites', enabled
2014-11-19 13:07:29,700 INFO [org.geoserver] - Loaded feature type 'sf'
2014-11-19 13:07:29,708 INFO [org.geoserver] - Loaded layer 'bugsites'
2014-11-19 13:07:29,716 INFO [org.geoserver] - Loaded feature type 'restricted', enabled
2014-11-19 13:07:29,719 INFO [org.geoserver] - Loaded feature type 'sf'
2014-11-19 13:07:29,724 INFO [org.geoserver] - Loaded layer 'restricted'
2014-11-19 13:07:29,733 INFO [org.geoserver] - Loaded feature type 'roads', enabled
2014-11-19 13:07:29,734 INFO [org.geoserver] - Loaded feature type 'sf'
2014-11-19 13:07:29,740 INFO [org.geoserver] - Loaded layer 'roads'
2014-11-19 13:07:29,749 INFO [org.geoserver] - Loaded feature type 'streams', enabled
2014-11-19 13:07:29,755 INFO [org.geoserver] - Loaded feature type 'sf'
2014-11-19 13:07:29,770 INFO [org.geoserver] - Loaded layer 'streams'
2014-11-19 13:07:29,780 INFO [org.geoserver] - Loaded store 'sfdem', enabled
2014-11-19 13:07:29,781 INFO [org.geoserver] - Loaded coverage store 'sfdem'
2014-11-19 13:07:29,792 INFO [org.geoserver] - Loaded coverage 'sfdem', enabled
2014-11-19 13:07:29,793 INFO [org.geoserver] - Loaded coverage 'sfdem'
2014-11-19 13:07:29,997 INFO [org.geoserver] - Loaded layer 'sfdem'
2014-11-19 13:07:30,013 INFO [org.geoserver] - Loaded store 'nyc', enabled
2014-11-19 13:07:30,014 INFO [org.geoserver] - Loaded data store 'nyc'
2014-11-19 13:07:30,116 INFO [org.geoserver] - Loaded feature type 'giant_polygon', enabled
2014-11-19 13:07:30,117 INFO [org.geoserver] - Loaded feature type 'nyc'
2014-11-19 13:07:30,122 INFO [org.geoserver] - Loaded layer 'giant_polygon'
2014-11-19 13:07:30,129 INFO [org.geoserver] - Loaded feature type 'poi', enabled
2014-11-19 13:07:30,130 INFO [org.geoserver] - Loaded feature type 'nyc'
2014-11-19 13:07:30,135 INFO [org.geoserver] - Loaded layer 'poi'
2014-11-19 13:07:30,141 INFO [org.geoserver] - Loaded feature type 'poly_landmarks', enabled
2014-11-19 13:07:30,142 INFO [org.geoserver] - Loaded feature type 'nyc'
2014-11-19 13:07:30,148 INFO [org.geoserver] - Loaded layer 'poly_landmarks'
2014-11-19 13:07:30,154 INFO [org.geoserver] - Loaded feature type 'tiger_roads', enabled
2014-11-19 13:07:30,154 INFO [org.geoserver] - Loaded feature type 'nyc'
2014-11-19 13:07:30,160 INFO [org.geoserver] - Loaded layer 'tiger_roads'
2014-11-19 13:07:30,178 INFO [org.geoserver] - Loaded store 'states_shapefile', enabled
2014-11-19 13:07:30,179 INFO [org.geoserver] - Loaded data store 'states_shapefile'
2014-11-19 13:07:30,214 INFO [org.geoserver] - Loaded feature type 'states', enabled
2014-11-19 13:07:30,215 INFO [org.geoserver] - Loaded feature type 'states_shapefile'
2014-11-19 13:07:30,228 INFO [org.geoserver] - Loaded layer 'states'
2014-11-19 13:07:30,239 INFO [org.geoserver] - Loaded store 'taz_shapes', enabled
2014-11-19 13:07:30,241 INFO [org.geoserver] - Loaded data store 'taz_shapes'
2014-11-19 13:07:30,377 INFO [org.geoserver] - Loaded feature type 'tasmania_cities', enabled
2014-11-19 13:07:30,379 INFO [org.geoserver] - Loaded feature type 'taz_shapes'
2014-11-19 13:07:30,388 INFO [org.geoserver] - Loaded layer 'tasmania_cities'
2014-11-19 13:07:30,395 INFO [org.geoserver] - Loaded feature type 'tasmania_roads', enabled
2014-11-19 13:07:30,395 INFO [org.geoserver] - Loaded feature type 'taz_shapes'
2014-11-19 13:07:30,400 INFO [org.geoserver] - Loaded layer 'tasmania_roads'
2014-11-19 13:07:30,406 INFO [org.geoserver] - Loaded feature type 'tasmania_state_boundaries', enabled
2014-11-19 13:07:30,407 INFO [org.geoserver] - Loaded feature type 'taz_shapes'
2014-11-19 13:07:30,412 INFO [org.geoserver] - Loaded layer 'tasmania_state_boundaries'
2014-11-19 13:07:30,419 INFO [org.geoserver] - Loaded feature type 'tasmania_water_bodies', enabled
2014-11-19 13:07:30,419 INFO [org.geoserver] - Loaded feature type 'taz_shapes'
2014-11-19 13:07:30,426 INFO [org.geoserver] - Loaded layer 'tasmania_water_bodies'
2014-11-19 13:07:30,444 INFO [org.geoserver] - Loaded layer group 'spearfish'
2014-11-19 13:07:30,447 INFO [org.geoserver] - Loaded layer group 'tasmania'
2014-11-19 13:07:30,450 INFO [org.geoserver] - Loaded layer group 'tiger-ny'
2014-11-19 13:07:30,637 INFO [org.geoserver] - Loaded service 'wcs', enabled
2014-11-19 13:07:30,669 INFO [org.geoserver] - Loaded service 'wfs', enabled
2014-11-19 13:07:30,707 INFO [org.geoserver] - Loaded service 'wms', enabled
2014-11-19 13:07:30,767 INFO [storage.DefaultStorageFinder] - ********************************************************************************************************************
2014-11-19 13:07:30,767 INFO [storage.DefaultStorageFinder] - *** Found Java environment variable GEOSERVER_DATA_DIR set to /vagrant/data_dir, using it as the default prefix. ***
2014-11-19 13:07:30,768 INFO [storage.DefaultStorageFinder] - ********************************************************************************************************************
2014-11-19 13:07:30,768 INFO [config.XMLConfiguration] - Will look for geowebcache.xml in '/vagrant/data_dir/gwc'
2014-11-19 13:07:30,879 INFO [gwc.config] - Initializing GeoServer specific GWC configuration from gwc-gs.xml
2014-11-19 13:07:31,027 INFO [org.geoserver] - GeoServer configuration lock is enabled
2014-11-19 13:07:31,211 INFO [gwc.layer] - Initializing GWC configuration based on GeoServer's Catalog
2014-11-19 13:07:31,212 INFO [gwc.layer] - GeoServer TileLayer store base directory is: /vagrant/data_dir/gwc-layers
2014-11-19 13:07:31,215 INFO [gwc.layer] - Loading tile layers from /vagrant/data_dir/gwc-layers
2014-11-19 13:07:31,471 INFO [gwc.layer] - GWC configuration based on GeoServer's Catalog loaded successfuly
2014-11-19 13:07:31,474 INFO [config.XMLConfiguration] - Found configuration file in /vagrant/data_dir/gwc
2014-11-19 13:07:31,556 INFO [config.XMLConfiguration] - Configuration file validated fine.
2014-11-19 13:07:31,564 INFO [config.XMLConfiguration] - Initializing GridSets from /vagrant/data_dir/gwc
2014-11-19 13:07:31,564 INFO [config.XMLConfiguration] - Initializing layers from /vagrant/data_dir/gwc
2014-11-19 13:07:31,565 INFO [layer.TileLayerDispatcher] - Configuration /vagrant/data_dir/gwc contained no layers.
2014-11-19 13:07:31,633 INFO [diskquota.ConfigLoader] - DiskQuota configuration not found: /vagrant/data_dir/gwc/geowebcache-diskquota.xml
2014-11-19 13:07:31,656 INFO [diskquota.ConfigLoader] - DiskQuota configuration not found: /vagrant/data_dir/gwc/geowebcache-diskquota.xml
2014-11-19 13:07:31,660 INFO [diskquota.DiskQuotaMonitor] - Setting up disk quota periodic enforcement task
2014-11-19 13:07:31,663 INFO [diskquota.DiskQuotaMonitor] - 0 layers configured with their own quotas. 
2014-11-19 13:07:31,665 INFO [diskquota.DiskQuotaMonitor] - 22 layers attached to global quota 500.0 MB
2014-11-19 13:07:31,733 INFO [diskquota.DiskQuotaMonitor] - Disk quota periodic enforcement task set up every 10 SECONDS
2014-11-19 13:07:31,877 INFO [ows.OWSHandlerMapping] - Mapped URL path [/gwc/service/**] onto handler 'dispatcher'
2014-11-19 13:07:31,912 INFO [geowebcache.GeoWebCacheDispatcher] - Invoked setServletPrefix(gwc)
2014-11-19 13:07:31,944 INFO [georss.GeoRSSPoller] - Initializing GeoRSS poller in a background job...
2014-11-19 13:07:31,969 INFO [georss.GeoRSSPoller] - No enabled GeoRSS feeds found, poller will not run.
2014-11-19 13:07:32,049 INFO [rest.RESTDispatcher] - Created RESTDispatcher with 14 paths
2014-11-19 13:07:32,066 INFO [wms.WMSService] - Will NOT recombine tiles for non-tiling clients.
2014-11-19 13:07:32,067 INFO [wms.WMSService] - Will proxy requests to backend that are not getmap or getcapabilities.
2014-11-19 13:07:32,986 INFO [ows.OWSHandlerMapping] - Mapped URL path [/wcs] onto handler 'dispatcher'
2014-11-19 13:07:32,988 INFO [ows.OWSHandlerMapping] - Mapped URL path [/wcs/**] onto handler 'dispatcher'
2014-11-19 13:07:33,290 INFO [geoserver.security] - Strong cryptography is available
2014-11-19 13:07:33,315 INFO [ows.OWSHandlerMapping] - Mapped URL path [/wfs/*] onto handler 'dispatcher'
2014-11-19 13:07:33,343 INFO [ows.OWSHandlerMapping] - Mapped URL path [/TestWfsPost] onto handler 'wfsTestServlet'
2014-11-19 13:07:33,343 INFO [ows.OWSHandlerMapping] - Mapped URL path [/wfs] onto handler 'dispatcher'
2014-11-19 13:07:40,107 INFO [ows.OWSHandlerMapping] - Mapped URL path [/ows/**] onto handler 'dispatcher'
2014-11-19 13:07:40,108 INFO [ows.OWSHandlerMapping] - Mapped URL path [/ows] onto handler 'dispatcher'
2014-11-19 13:07:41,052 INFO [ows.OWSHandlerMapping] - Mapped URL path [/kml] onto handler 'dispatcher'
2014-11-19 13:07:41,052 INFO [ows.OWSHandlerMapping] - Mapped URL path [/kml/*] onto handler 'dispatcher'
2014-11-19 13:07:41,052 INFO [ows.OWSHandlerMapping] - Mapped URL path [/kml/icon/**/*] onto handler 'kmlIconService'
2014-11-19 13:07:41,147 INFO [ows.OWSHandlerMapping] - Mapped URL path [/wms/*] onto handler 'dispatcher'
2014-11-19 13:07:41,148 INFO [ows.OWSHandlerMapping] - Mapped URL path [/wms] onto handler 'dispatcher'
2014-11-19 13:07:41,218 INFO [ows.OWSHandlerMapping] - Mapped URL path [/animate] onto handler 'dispatcher'
2014-11-19 13:07:41,218 INFO [ows.OWSHandlerMapping] - Mapped URL path [/animate/*] onto handler 'dispatcher'
2014-11-19 13:07:41,446 INFO [geoserver.security] - AuthenticationCache Initialized with 1000 Max Entries, 300 seconds idle time, 600 seconds time to live and 3 concurrency level
2014-11-19 13:07:41,447 INFO [geoserver.security] - AuthenticationCache Eviction Task created to run every 600 seconds
2014-11-19 13:07:42,230 INFO [geoserver.security] - Start reloading user/grous for service named default
2014-11-19 13:07:42,240 INFO [geoserver.security] - Reloading user/groups successful for service named default
